[debug] [2025-11-11T02:41:28.939Z] ----------------------------------------------------------------------
[debug] [2025-11-11T02:41:28.942Z] Command:       C:\Program Files\nodejs\node.exe C:\Users\Usuario\AppData\Roaming\npm\node_modules\firebase-tools\lib\bin\firebase.js init
[debug] [2025-11-11T02:41:28.942Z] CLI Version:   14.24.2
[debug] [2025-11-11T02:41:28.942Z] Platform:      win32
[debug] [2025-11-11T02:41:28.943Z] Node Version:  v22.13.1
[debug] [2025-11-11T02:41:28.943Z] Time:          Mon Nov 10 2025 21:41:28 GMT-0500 (hora de Ecuador)
[debug] [2025-11-11T02:41:28.943Z] ----------------------------------------------------------------------
[debug] 
[info] 
     ######## #### ########  ######## ########     ###     ######  ########
     ##        ##  ##     ## ##       ##     ##  ##   ##  ##       ##
     ######    ##  ########  ######   ########  #########  ######  ######
     ##        ##  ##    ##  ##       ##     ## ##     ##       ## ##
     ##       #### ##     ## ######## ########  ##     ##  ######  ########

You're about to initialize a Firebase project in this directory:

  C:\Users\Usuario\Desktop\Goster

[debug] [2025-11-11T02:41:46.381Z] ExitPromptError: User force closed the prompt with SIGINT
    at Interface.sigint (C:\Users\Usuario\AppData\Roaming\npm\node_modules\firebase-tools\node_modules\@inquirer\core\dist\commonjs\lib\create-prompt.js:101:37)
    at Interface.emit (node:events:524:28)
    at Interface.emit (node:domain:489:12)
    at [_ttyWrite] [as _ttyWrite] (node:internal/readline/interface:1124:18)
    at ReadStream.onkeypress (node:internal/readline/interface:263:20)
    at ReadStream.emit (node:events:536:35)
    at ReadStream.emit (node:domain:489:12)
    at emitKeys (node:internal/readline/utils:370:14)
    at emitKeys.next (<anonymous>)
    at ReadStream.onData (node:internal/readline/emitKeypressEvents:64:36)
[error] 
[error] Error: An unexpected error has occurred.
